<?xml version="1.0" encoding="UTF-8"?>
<!-- Generated by org.testng.reporters.JUnitReportReporter -->
<testsuite skipped="0" hostname="DEVAVRAT" name="com.Testcases.TestPage" tests="2" failures="0" timestamp="12 Feb 2018 19:01:49 GMT" time="125.528" errors="0">
  <testcase name="Test2" time="66.769" classname="com.Testcases.TestPage"/>
  <testcase name="Login" time="58.759" classname="com.Testcases.TestPage"/>
</testsuite> <!-- com.Testcases.TestPage -->
