<?xml version="1.0" encoding="UTF-8"?>
<!-- Generated by org.testng.reporters.JUnitReportReporter -->
<testsuite skipped="0" hostname="DEVAVRAT" name="com.Testcases.TestPage" tests="2" failures="0" timestamp="14 Feb 2018 17:46:00 GMT" time="111.241" errors="0">
  <testcase name="Test2" time="60.518" classname="com.Testcases.TestPage"/>
  <testcase name="Login" time="50.723" classname="com.Testcases.TestPage"/>
</testsuite> <!-- com.Testcases.TestPage -->
