<?xml version="1.0" encoding="UTF-8"?>
<!-- Generated by org.testng.reporters.JUnitReportReporter -->
<testsuite skipped="0" hostname="DEVAVRAT" name="com.Testcases.TestPage" tests="2" failures="0" timestamp="14 Feb 2018 17:23:11 GMT" time="100.892" errors="0">
  <testcase name="Test2" time="57.782" classname="com.Testcases.TestPage"/>
  <testcase name="Login" time="43.110" classname="com.Testcases.TestPage"/>
</testsuite> <!-- com.Testcases.TestPage -->
